0 info it worked if it ends with ok
1 verbose cli [ '/usr/local/bin/node', '/usr/local/bin/npm', 'run', 'css' ]
2 info using npm@3.10.3
3 info using node@v6.3.1
4 verbose run-script [ 'precss', 'css', 'postcss' ]
5 info lifecycle yasslab.jp@1.0.0~precss: yasslab.jp@1.0.0
6 silly lifecycle yasslab.jp@1.0.0~precss: no script for precss, continuing
7 info lifecycle yasslab.jp@1.0.0~css: yasslab.jp@1.0.0
8 verbose lifecycle yasslab.jp@1.0.0~css: unsafe-perm in lifecycle true
9 verbose lifecycle yasslab.jp@1.0.0~css: PATH: /usr/local/lib/node_modules/npm/bin/node-gyp-bin:/Users/megane9988/Documents/iws/yasslab.jp/node_modules/.bin:/usr/local/bin:/usr/local/opt/php@7.0/sbin:/usr/local/opt/php@7.0/bin:/usr/local/sbin:/usr/local/Cellar/php@7.0/7.0.20_12/bin:/Users/megane9988/.rbenv/shims:/usr/local/bin:/usr/bin:/bin:/usr/sbin:/sbin
10 verbose lifecycle yasslab.jp@1.0.0~css: CWD: /Users/megane9988/Documents/iws/yasslab.jp
11 silly lifecycle yasslab.jp@1.0.0~css: Args: [ '-c', 'npm-run-all css-compile css-prefix css-minify' ]
12 silly lifecycle yasslab.jp@1.0.0~css: Returned: code: 1  signal: null
13 info lifecycle yasslab.jp@1.0.0~css: Failed to exec css script
14 verbose stack Error: yasslab.jp@1.0.0 css: `npm-run-all css-compile css-prefix css-minify`
14 verbose stack Exit status 1
14 verbose stack     at EventEmitter.<anonymous> (/usr/local/lib/node_modules/npm/lib/utils/lifecycle.js:242:16)
14 verbose stack     at emitTwo (events.js:106:13)
14 verbose stack     at EventEmitter.emit (events.js:191:7)
14 verbose stack     at ChildProcess.<anonymous> (/usr/local/lib/node_modules/npm/lib/utils/spawn.js:40:14)
14 verbose stack     at emitTwo (events.js:106:13)
14 verbose stack     at ChildProcess.emit (events.js:191:7)
14 verbose stack     at maybeClose (internal/child_process.js:852:16)
14 verbose stack     at Process.ChildProcess._handle.onexit (internal/child_process.js:215:5)
15 verbose pkgid yasslab.jp@1.0.0
16 verbose cwd /Users/megane9988/Documents/iws/yasslab.jp
17 error Darwin 16.7.0
18 error argv "/usr/local/bin/node" "/usr/local/bin/npm" "run" "css"
19 error node v6.3.1
20 error npm  v3.10.3
21 error code ELIFECYCLE
22 error yasslab.jp@1.0.0 css: `npm-run-all css-compile css-prefix css-minify`
22 error Exit status 1
23 error Failed at the yasslab.jp@1.0.0 css script 'npm-run-all css-compile css-prefix css-minify'.
23 error Make sure you have the latest version of node.js and npm installed.
23 error If you do, this is most likely a problem with the yasslab.jp package,
23 error not with npm itself.
23 error Tell the author that this fails on your system:
23 error     npm-run-all css-compile css-prefix css-minify
23 error You can get information on how to open an issue for this project with:
23 error     npm bugs yasslab.jp
23 error Or if that isn't available, you can get their info via:
23 error     npm owner ls yasslab.jp
23 error There is likely additional logging output above.
24 verbose exit [ 1, true ]
